<?xml version="1.0" encoding="UTF-8"?>
<!-- Generated by org.testng.reporters.JUnitReportReporter -->
<testsuite skipped="0" hostname="DESKTOP-3GFSGOJ" name="SOAP.testrunner" tests="1" failures="0" timestamp="27 May 2020 16:47:00 GMT" time="9.581" errors="0">
  <testcase name="soaptest" time="9.581" classname="SOAP.testrunner"/>
</testsuite> <!-- SOAP.testrunner -->
