<?xml version="1.0" encoding="UTF-8"?>
<!-- Generated by org.testng.reporters.JUnitReportReporter -->
<testsuite skipped="0" hostname="DESKTOP-3GFSGOJ" name="singletestcase" tests="1" failures="0" timestamp="27 May 2020 09:47:29 GMT" time="4.258" errors="0">
  <testcase name="soaptest" time="4.258" classname="singletestcase"/>
</testsuite> <!-- singletestcase -->
