<?xml version="1.0" encoding="UTF-8"?>
<!-- Generated by org.testng.reporters.JUnitReportReporter -->
<testsuite skipped="0" hostname="DESKTOP-3GFSGOJ" name="testrunner" tests="1" failures="0" timestamp="27 May 2020 09:41:04 GMT" time="7.566" errors="0">
  <testcase name="soaptest" time="7.566" classname="testrunner"/>
</testsuite> <!-- testrunner -->
